db_1150147061.pbm 0
db_1150147108.pbm 0021
db_0027_hand.pbm 0027
db_1150146169.pbm 002c
db_1150146245.pbm 002d
db_1150146198.pbm 002e
db_1150146204.pbm 002e
db_1150146197.pbm 003f
db_1150147775.pbm 0040
db_1150146282.pbm 1
db_1150147023.pbm 2
db_1150146272.pbm 3
db_1150147059.pbm 4
db_1150146267.pbm 5
db_1150146266.pbm 6
db_1150146296.pbm 7
db_1150146271.pbm 8
db_1150146281.pbm 9
db_1150146226.pbm A
db_1150146286.pbm B
db_1150146224.pbm C
db_1150146257.pbm D
db_1150146304.pbm E
db_1150146288.pbm F
db_1150146254.pbm G
db_1150146284.pbm H
db_1150146712.pbm I
db_1150147235.pbm J
db_1150146252.pbm K
db_1150146293.pbm L
db_1150146199.pbm M
db_1150146251.pbm N
db_1150146210.pbm O
db_1150146256.pbm P
db_1150146229.pbm Q
db_1150146260.pbm R
db_1150146248.pbm S
db_1150146216.pbm T
db_1150147057.pbm U
db_1150147379.pbm V
db_1150147089.pbm W
db_1150146165.pbm Y
db_1150146185.pbm a
db_1150146221.pbm b
db_1150146220.pbm c
db_1150146217.pbm d
db_1150146166.pbm e
db_1150146212.pbm f
db_1150146213.pbm g
db_1150146184.pbm h
db_i_hand.pbm i
db_1150146299.pbm j
db_1150146263.pbm k
db_1150146201.pbm l
db_1150146195.pbm m
db_1150146194.pbm n
db_1150146191.pbm o
db_1150146218.pbm p
db_1150146233.pbm q
db_1150146171.pbm r
db_1150146167.pbm s
db_1150146186.pbm t
db_1150146192.pbm u
db_1150146222.pbm v
db_1150146183.pbm w
db_1150146274.pbm x
db_1150146189.pbm y
db_1150147215.pbm z
